<?xml version="1.0" encoding="UTF-8"?>
<!-- Generated by org.testng.reporters.JUnitReportReporter -->
<testsuite hostname="Mahbubs-MacBook-Pro.local" failures="0" tests="1" name="com.careerhack.runners.SmokeTestRunner" time="15.580" errors="0" timestamp="2022-05-08T14:56:00 EDT" skipped="0">
  <testcase classname="com.careerhack.runners.SmokeTestRunner" name="runScenario" time="15.580"/>
  <system-out/>
</testsuite> <!-- com.careerhack.runners.SmokeTestRunner -->
