<?xml version="1.0" encoding="UTF-8"?>
<!-- Generated by org.testng.reporters.JUnitReportReporter -->
<testsuite hostname="Mahbubs-MacBook-Pro.local" failures="0" tests="2" name="com.careerhack.runners.SmokeTestRunner" time="0.095" errors="0" timestamp="2022-05-01T14:38:05 EDT" skipped="0">
  <testcase classname="com.careerhack.runners.SmokeTestRunner" name="runScenario" time="0.009"/>
  <system-out/>
  <testcase classname="com.careerhack.runners.SmokeTestRunner" name="runScenario" time="0.086"/>
  <system-out/>
</testsuite> <!-- com.careerhack.runners.SmokeTestRunner -->
